<?xml version="1.0" encoding="UTF-8"?>
<testsuite xmlns:xsi="http://www.w3.org/2001/XMLSchema-instance" xsi:noNamespaceSchemaLocation="https://maven.apache.org/surefire/maven-surefire-plugin/xsd/surefire-test-report-3.0.xsd" version="3.0" name="curso.java.hibernate.TestBootstrappingEntityManager" time="0.568" tests="3" errors="0" skipped="0" failures="0">
  <properties>
[...]
</properties>
  <testcase name="verifyRepositoryByPersistingAnEmployee" classname="curso.java.hibernate.TestBootstrappingEntityManager" time="0.016">
    <system-out><![CDATA[2024-10-31_23:39:55.049 INFO  o.s.t.c.s.AnnotationConfigContextLoaderUtils - Could not detect default configuration classes for test class [curso.java.hibernate.TestBootstrappingEntityManager]: TestBootstrappingEntityManager does not declare any static, non-private, non-final, nested classes annotated with @Configuration.
2024-10-31_23:39:55.071 INFO  o.s.b.t.c.SpringBootTestContextBootstrapper - Found @SpringBootConfiguration curso.java.hibernate.HibernateExampleApp for test class curso.java.hibernate.TestBootstrappingEntityManager

  .   ____          _            __ _ _
 /\\ / ___'_ __ _ _(_)_ __  __ _ \ \ \ \
( ( )\___ | '_ | '_| | '_ \/ _` | \ \ \ \
 \\/  ___)| |_)| | | | | || (_| |  ) ) ) )
  '  |____| .__|_| |_|_| |_\__, | / / / /
 =========|_|==============|___/=/_/_/_/
&amp#27;[32m :: Spring Boot :: &amp#27;[39m              &amp#27;[2m (v3.2.0)&amp#27;[0;39m

2024-10-31_23:39:55.102 INFO  c.j.h.TestBootstrappingEntityManager - Starting TestBootstrappingEntityManager using Java 23 with PID 2806 (started by MarvinDev in /Users/MarvinDev/JAVA/hibernate/hibernate-samples-main/hibernate-jpa-basic)
2024-10-31_23:39:55.103 INFO  c.j.h.TestBootstrappingEntityManager - No active profile set, falling back to 1 default profile: "default"
2024-10-31_23:39:55.265 INFO  o.s.d.r.c.RepositoryConfigurationDelegate - Bootstrapping Spring Data JPA repositories in DEFAULT mode.
2024-10-31_23:39:55.274 INFO  o.s.d.r.c.RepositoryConfigurationDelegate - Finished Spring Data repository scanning in 8 ms. Found 1 JPA repository interface.
2024-10-31_23:39:55.291 INFO  o.s.b.t.a.j.TestDatabaseAutoConfiguration$EmbeddedDataSourceBeanFactoryPostProcessor - Replacing 'dataSource' DataSource bean with embedded version
2024-10-31_23:39:55.320 INFO  o.s.j.d.e.EmbeddedDatabaseFactory - Starting embedded database: url='jdbc:h2:mem:5bba6251-9c03-435b-8222-5b06f40fc472;DB_CLOSE_DELAY=-1;DB_CLOSE_ON_EXIT=false', username='sa'
2024-10-31_23:39:55.342 INFO  o.h.jpa.internal.util.LogHelper - HHH000204: Processing PersistenceUnitInfo [name: default]
2024-10-31_23:39:55.344 INFO  o.h.c.i.RegionFactoryInitiator - HHH000026: Second-level cache disabled
2024-10-31_23:39:55.347 INFO  o.s.o.j.p.SpringPersistenceUnitInfo - No LoadTimeWeaver setup: ignoring JPA class transformer
2024-10-31_23:39:55.349 WARN  org.hibernate.orm.deprecation - HHH90000025: H2Dialect does not need to be specified explicitly using 'hibernate.dialect' (remove the property setting and it will be selected by default)
2024-10-31_23:39:55.439 INFO  o.h.e.t.j.p.i.JtaPlatformInitiator - HHH000489: No JTA platform available (set 'hibernate.transaction.jta.platform' to enable JTA platform integration)
2024-10-31_23:39:55.440 INFO  o.s.o.j.LocalContainerEntityManagerFactoryBean - Initialized JPA EntityManagerFactory for persistence unit 'default'
2024-10-31_23:39:55.548 INFO  c.j.h.TestBootstrappingEntityManager - Started TestBootstrappingEntityManager in 0.473 seconds (process running for 7.687)
Hibernate: insert into tbl_employee (email,first_name,last_name,id) values (?,?,?,default)
Hibernate: insert into tbl_task (employee_id,task_description,task_name,id) values (?,?,?,default)
Hibernate: insert into tbl_task (employee_id,task_description,task_name,id) values (?,?,?,default)
Hibernate: update tbl_task set employee_id=? where id=?
Hibernate: update tbl_task set employee_id=? where id=?
Hibernate: select e1_0.id,e1_0.email,e1_0.first_name,e1_0.last_name,t1_0.employee_id,t1_0.id,t1_0.task_description,t1_0.task_name from tbl_employee e1_0 left join tbl_task t1_0 on e1_0.id=t1_0.employee_id where e1_0.id=?
2024-10-31_23:39:55.560 INFO  c.j.h.HibernateExampleApp$$SpringCGLIB$$0 - Employee id 2 -> Employee{id=2, email='xyz@email.com', firstName='Deja', lastName='Vu', tasks=[]}
Hibernate: select e1_0.id,e1_0.email,e1_0.first_name,e1_0.last_name from tbl_employee e1_0
Hibernate: select t1_0.employee_id,t1_0.id,t1_0.task_description,t1_0.task_name from tbl_task t1_0 where t1_0.employee_id=?
Hibernate: select t1_0.employee_id,t1_0.id,t1_0.task_description,t1_0.task_name from tbl_task t1_0 where t1_0.employee_id=?
Hibernate: select t1_0.employee_id,t1_0.id,t1_0.task_description,t1_0.task_name from tbl_task t1_0 where t1_0.employee_id=?
Hibernate: select t1_0.employee_id,t1_0.id,t1_0.task_description,t1_0.task_name from tbl_task t1_0 where t1_0.employee_id=?
Hibernate: select t1_0.employee_id,t1_0.id,t1_0.task_description,t1_0.task_name from tbl_task t1_0 where t1_0.employee_id=?
Hibernate: select t1_0.employee_id,t1_0.id,t1_0.task_description,t1_0.task_name from tbl_task t1_0 where t1_0.employee_id=?
Hibernate: select t1_0.employee_id,t1_0.id,t1_0.task_description,t1_0.task_name from tbl_task t1_0 where t1_0.employee_id=?
Employee{id=1, email='abc@gmail.com', firstName='Lokesh', lastName='Gupta', tasks=[]}
Employee{id=2, email='xyz@email.com', firstName='Deja', lastName='Vu', tasks=[]}
Employee{id=3, email='cap@marvel.com', firstName='Caption', lastName='America', tasks=[]}
Employee{id=4, email='abc@gmail.com', firstName='Lokesh', lastName='Gupta', tasks=[]}
Employee{id=5, email='xyz@email.com', firstName='Deja', lastName='Vu', tasks=[]}
Employee{id=6, email='cap@marvel.com', firstName='Caption', lastName='America', tasks=[]}
Employee{id=7, email='new Employee email', firstName='Bart', lastName='Simpson', tasks=[Task{id=1, taskName='report generation', taskDescription='Daily report generation'}, Task{id=2, taskName='view generation', taskDescription='Daily view generation'}]}
Hibernate: insert into tbl_employee (email,first_name,last_name,id) values (?,?,?,default)
]]></system-out>
  </testcase>
  <testcase name="contextLoads" classname="curso.java.hibernate.TestBootstrappingEntityManager" time="0.008"/>
  <testcase name="verifyBootstrappingByPersistingAnEmployee" classname="curso.java.hibernate.TestBootstrappingEntityManager" time="0.011">
    <system-out><![CDATA[Hibernate: insert into tbl_employee (email,first_name,last_name,id) values (?,?,?,default)
]]></system-out>
  </testcase>
</testsuite>